Determining if the pthread_create exist failed with the following output:
Change Dir: /home/wr/WHR/RGB-D/PART4/CODE/build/CMakeFiles/CMakeTmp

Run Build Command:"/usr/bin/make" "cmTC_16c9a/fast"
/usr/bin/make -f CMakeFiles/cmTC_16c9a.dir/build.make CMakeFiles/cmTC_16c9a.dir/build
make[1]: Entering directory '/home/wr/WHR/RGB-D/PART4/CODE/build/CMakeFiles/CMakeTmp'
Building C object CMakeFiles/cmTC_16c9a.dir/CheckSymbolExists.c.o
/usr/bin/cc     -o CMakeFiles/cmTC_16c9a.dir/CheckSymbolExists.c.o   -c /home/wr/WHR/RGB-D/PART4/CODE/build/CMakeFiles/CMakeTmp/CheckSymbolExists.c
Linking C executable cmTC_16c9a
/usr/bin/cmake -E cmake_link_script CMakeFiles/cmTC_16c9a.dir/link.txt --verbose=1
/usr/bin/cc       CMakeFiles/cmTC_16c9a.dir/CheckSymbolExists.c.o  -o cmTC_16c9a -rdynamic 
CMakeFiles/cmTC_16c9a.dir/CheckSymbolExists.c.o：在函数‘main’中：
CheckSymbolExists.c:(.text+0x16)：对‘pthread_create’未定义的引用
collect2: error: ld returned 1 exit status
CMakeFiles/cmTC_16c9a.dir/build.make:97: recipe for target 'cmTC_16c9a' failed
make[1]: *** [cmTC_16c9a] Error 1
make[1]: Leaving directory '/home/wr/WHR/RGB-D/PART4/CODE/build/CMakeFiles/CMakeTmp'
Makefile:126: recipe for target 'cmTC_16c9a/fast' failed
make: *** [cmTC_16c9a/fast] Error 2

File /home/wr/WHR/RGB-D/PART4/CODE/build/CMakeFiles/CMakeTmp/CheckSymbolExists.c:
/* */
#include <pthread.h>

int main(int argc, char** argv)
{
  (void)argv;
#ifndef pthread_create
  return ((int*)(&pthread_create))[argc];
#else
  (void)argc;
  return 0;
#endif
}

Determining if the function pthread_create exists in the pthreads failed with the following output:
Change Dir: /home/wr/WHR/RGB-D/PART4/CODE/build/CMakeFiles/CMakeTmp

Run Build Command:"/usr/bin/make" "cmTC_a79dc/fast"
/usr/bin/make -f CMakeFiles/cmTC_a79dc.dir/build.make CMakeFiles/cmTC_a79dc.dir/build
make[1]: Entering directory '/home/wr/WHR/RGB-D/PART4/CODE/build/CMakeFiles/CMakeTmp'
Building C object CMakeFiles/cmTC_a79dc.dir/CheckFunctionExists.c.o
/usr/bin/cc    -DCHECK_FUNCTION_EXISTS=pthread_create   -o CMakeFiles/cmTC_a79dc.dir/CheckFunctionExists.c.o   -c /usr/share/cmake-3.5/Modules/CheckFunctionExists.c
Linking C executable cmTC_a79dc
/usr/bin/cmake -E cmake_link_script CMakeFiles/cmTC_a79dc.dir/link.txt --verbose=1
/usr/bin/cc   -DCHECK_FUNCTION_EXISTS=pthread_create    CMakeFiles/cmTC_a79dc.dir/CheckFunctionExists.c.o  -o cmTC_a79dc -rdynamic -lpthreads 
/usr/bin/ld: 找不到 -lpthreads
collect2: error: ld returned 1 exit status
CMakeFiles/cmTC_a79dc.dir/build.make:97: recipe for target 'cmTC_a79dc' failed
make[1]: *** [cmTC_a79dc] Error 1
make[1]: Leaving directory '/home/wr/WHR/RGB-D/PART4/CODE/build/CMakeFiles/CMakeTmp'
Makefile:126: recipe for target 'cmTC_a79dc/fast' failed
make: *** [cmTC_a79dc/fast] Error 2


