Determining if the pthread_create exist failed with the following output:
Change Dir: /home/wr/WHR/RGB-D/PART2/build-CODE-unknown-Default/CMakeFiles/CMakeTmp

Run Build Command:"/usr/bin/make" "cmTC_f76fd/fast"
/usr/bin/make -f CMakeFiles/cmTC_f76fd.dir/build.make CMakeFiles/cmTC_f76fd.dir/build
make[1]: Entering directory '/home/wr/WHR/RGB-D/PART2/build-CODE-unknown-Default/CMakeFiles/CMakeTmp'
Building C object CMakeFiles/cmTC_f76fd.dir/CheckSymbolExists.c.o
/usr/bin/cc     -o CMakeFiles/cmTC_f76fd.dir/CheckSymbolExists.c.o   -c /home/wr/WHR/RGB-D/PART2/build-CODE-unknown-Default/CMakeFiles/CMakeTmp/CheckSymbolExists.c
Linking C executable cmTC_f76fd
/usr/bin/cmake -E cmake_link_script CMakeFiles/cmTC_f76fd.dir/link.txt --verbose=1
/usr/bin/cc       CMakeFiles/cmTC_f76fd.dir/CheckSymbolExists.c.o  -o cmTC_f76fd -rdynamic 
CMakeFiles/cmTC_f76fd.dir/CheckSymbolExists.c.o：在函数‘main’中：
CheckSymbolExists.c:(.text+0x16)：对‘pthread_create’未定义的引用
collect2: error: ld returned 1 exit status
CMakeFiles/cmTC_f76fd.dir/build.make:97: recipe for target 'cmTC_f76fd' failed
make[1]: *** [cmTC_f76fd] Error 1
make[1]: Leaving directory '/home/wr/WHR/RGB-D/PART2/build-CODE-unknown-Default/CMakeFiles/CMakeTmp'
Makefile:126: recipe for target 'cmTC_f76fd/fast' failed
make: *** [cmTC_f76fd/fast] Error 2

File /home/wr/WHR/RGB-D/PART2/build-CODE-unknown-Default/CMakeFiles/CMakeTmp/CheckSymbolExists.c:
/* */
#include <pthread.h>

int main(int argc, char** argv)
{
  (void)argv;
#ifndef pthread_create
  return ((int*)(&pthread_create))[argc];
#else
  (void)argc;
  return 0;
#endif
}

Determining if the function pthread_create exists in the pthreads failed with the following output:
Change Dir: /home/wr/WHR/RGB-D/PART2/build-CODE-unknown-Default/CMakeFiles/CMakeTmp

Run Build Command:"/usr/bin/make" "cmTC_68d93/fast"
/usr/bin/make -f CMakeFiles/cmTC_68d93.dir/build.make CMakeFiles/cmTC_68d93.dir/build
make[1]: Entering directory '/home/wr/WHR/RGB-D/PART2/build-CODE-unknown-Default/CMakeFiles/CMakeTmp'
Building C object CMakeFiles/cmTC_68d93.dir/CheckFunctionExists.c.o
/usr/bin/cc    -DCHECK_FUNCTION_EXISTS=pthread_create   -o CMakeFiles/cmTC_68d93.dir/CheckFunctionExists.c.o   -c /usr/share/cmake-3.5/Modules/CheckFunctionExists.c
Linking C executable cmTC_68d93
/usr/bin/cmake -E cmake_link_script CMakeFiles/cmTC_68d93.dir/link.txt --verbose=1
/usr/bin/cc   -DCHECK_FUNCTION_EXISTS=pthread_create    CMakeFiles/cmTC_68d93.dir/CheckFunctionExists.c.o  -o cmTC_68d93 -rdynamic -lpthreads 
/usr/bin/ld: 找不到 -lpthreads
collect2: error: ld returned 1 exit status
CMakeFiles/cmTC_68d93.dir/build.make:97: recipe for target 'cmTC_68d93' failed
make[1]: *** [cmTC_68d93] Error 1
make[1]: Leaving directory '/home/wr/WHR/RGB-D/PART2/build-CODE-unknown-Default/CMakeFiles/CMakeTmp'
Makefile:126: recipe for target 'cmTC_68d93/fast' failed
make: *** [cmTC_68d93/fast] Error 2


