Determining if the pthread_create exist failed with the following output:
Change Dir: /home/wr/study/RGB-D/PART1/CODE/build/CMakeFiles/CMakeTmp

Run Build Command:"/usr/bin/make" "cmTC_b5d52/fast"
/usr/bin/make -f CMakeFiles/cmTC_b5d52.dir/build.make CMakeFiles/cmTC_b5d52.dir/build
make[1]: Entering directory '/home/wr/study/RGB-D/PART1/CODE/build/CMakeFiles/CMakeTmp'
Building C object CMakeFiles/cmTC_b5d52.dir/CheckSymbolExists.c.o
/usr/bin/cc     -o CMakeFiles/cmTC_b5d52.dir/CheckSymbolExists.c.o   -c /home/wr/study/RGB-D/PART1/CODE/build/CMakeFiles/CMakeTmp/CheckSymbolExists.c
Linking C executable cmTC_b5d52
/usr/bin/cmake -E cmake_link_script CMakeFiles/cmTC_b5d52.dir/link.txt --verbose=1
/usr/bin/cc       CMakeFiles/cmTC_b5d52.dir/CheckSymbolExists.c.o  -o cmTC_b5d52 -rdynamic 
CMakeFiles/cmTC_b5d52.dir/CheckSymbolExists.c.o：在函数‘main’中：
CheckSymbolExists.c:(.text+0x16)：对‘pthread_create’未定义的引用
collect2: error: ld returned 1 exit status
CMakeFiles/cmTC_b5d52.dir/build.make:97: recipe for target 'cmTC_b5d52' failed
make[1]: *** [cmTC_b5d52] Error 1
make[1]: Leaving directory '/home/wr/study/RGB-D/PART1/CODE/build/CMakeFiles/CMakeTmp'
Makefile:126: recipe for target 'cmTC_b5d52/fast' failed
make: *** [cmTC_b5d52/fast] Error 2

File /home/wr/study/RGB-D/PART1/CODE/build/CMakeFiles/CMakeTmp/CheckSymbolExists.c:
/* */
#include <pthread.h>

int main(int argc, char** argv)
{
  (void)argv;
#ifndef pthread_create
  return ((int*)(&pthread_create))[argc];
#else
  (void)argc;
  return 0;
#endif
}

Determining if the function pthread_create exists in the pthreads failed with the following output:
Change Dir: /home/wr/study/RGB-D/PART1/CODE/build/CMakeFiles/CMakeTmp

Run Build Command:"/usr/bin/make" "cmTC_9fc2d/fast"
/usr/bin/make -f CMakeFiles/cmTC_9fc2d.dir/build.make CMakeFiles/cmTC_9fc2d.dir/build
make[1]: Entering directory '/home/wr/study/RGB-D/PART1/CODE/build/CMakeFiles/CMakeTmp'
Building C object CMakeFiles/cmTC_9fc2d.dir/CheckFunctionExists.c.o
/usr/bin/cc    -DCHECK_FUNCTION_EXISTS=pthread_create   -o CMakeFiles/cmTC_9fc2d.dir/CheckFunctionExists.c.o   -c /usr/share/cmake-3.5/Modules/CheckFunctionExists.c
Linking C executable cmTC_9fc2d
/usr/bin/cmake -E cmake_link_script CMakeFiles/cmTC_9fc2d.dir/link.txt --verbose=1
/usr/bin/cc   -DCHECK_FUNCTION_EXISTS=pthread_create    CMakeFiles/cmTC_9fc2d.dir/CheckFunctionExists.c.o  -o cmTC_9fc2d -rdynamic -lpthreads 
/usr/bin/ld: 找不到 -lpthreads
collect2: error: ld returned 1 exit status
CMakeFiles/cmTC_9fc2d.dir/build.make:97: recipe for target 'cmTC_9fc2d' failed
make[1]: *** [cmTC_9fc2d] Error 1
make[1]: Leaving directory '/home/wr/study/RGB-D/PART1/CODE/build/CMakeFiles/CMakeTmp'
Makefile:126: recipe for target 'cmTC_9fc2d/fast' failed
make: *** [cmTC_9fc2d/fast] Error 2


Determining if the pthread_create exist failed with the following output:
Change Dir: /home/wr/WHR/RGB-D/PART1/CODE/build/CMakeFiles/CMakeTmp

Run Build Command:"/usr/bin/make" "cmTC_16fb1/fast"
/usr/bin/make -f CMakeFiles/cmTC_16fb1.dir/build.make CMakeFiles/cmTC_16fb1.dir/build
make[1]: Entering directory '/home/wr/WHR/RGB-D/PART1/CODE/build/CMakeFiles/CMakeTmp'
Building C object CMakeFiles/cmTC_16fb1.dir/CheckSymbolExists.c.o
/usr/bin/cc     -o CMakeFiles/cmTC_16fb1.dir/CheckSymbolExists.c.o   -c /home/wr/WHR/RGB-D/PART1/CODE/build/CMakeFiles/CMakeTmp/CheckSymbolExists.c
Linking C executable cmTC_16fb1
/usr/bin/cmake -E cmake_link_script CMakeFiles/cmTC_16fb1.dir/link.txt --verbose=1
/usr/bin/cc       CMakeFiles/cmTC_16fb1.dir/CheckSymbolExists.c.o  -o cmTC_16fb1 -rdynamic 
CMakeFiles/cmTC_16fb1.dir/CheckSymbolExists.c.o：在函数‘main’中：
CheckSymbolExists.c:(.text+0x16)：对‘pthread_create’未定义的引用
collect2: error: ld returned 1 exit status
CMakeFiles/cmTC_16fb1.dir/build.make:97: recipe for target 'cmTC_16fb1' failed
make[1]: *** [cmTC_16fb1] Error 1
make[1]: Leaving directory '/home/wr/WHR/RGB-D/PART1/CODE/build/CMakeFiles/CMakeTmp'
Makefile:126: recipe for target 'cmTC_16fb1/fast' failed
make: *** [cmTC_16fb1/fast] Error 2

File /home/wr/WHR/RGB-D/PART1/CODE/build/CMakeFiles/CMakeTmp/CheckSymbolExists.c:
/* */
#include <pthread.h>

int main(int argc, char** argv)
{
  (void)argv;
#ifndef pthread_create
  return ((int*)(&pthread_create))[argc];
#else
  (void)argc;
  return 0;
#endif
}

Determining if the function pthread_create exists in the pthreads failed with the following output:
Change Dir: /home/wr/WHR/RGB-D/PART1/CODE/build/CMakeFiles/CMakeTmp

Run Build Command:"/usr/bin/make" "cmTC_e8386/fast"
/usr/bin/make -f CMakeFiles/cmTC_e8386.dir/build.make CMakeFiles/cmTC_e8386.dir/build
make[1]: Entering directory '/home/wr/WHR/RGB-D/PART1/CODE/build/CMakeFiles/CMakeTmp'
Building C object CMakeFiles/cmTC_e8386.dir/CheckFunctionExists.c.o
/usr/bin/cc    -DCHECK_FUNCTION_EXISTS=pthread_create   -o CMakeFiles/cmTC_e8386.dir/CheckFunctionExists.c.o   -c /usr/share/cmake-3.5/Modules/CheckFunctionExists.c
Linking C executable cmTC_e8386
/usr/bin/cmake -E cmake_link_script CMakeFiles/cmTC_e8386.dir/link.txt --verbose=1
/usr/bin/cc   -DCHECK_FUNCTION_EXISTS=pthread_create    CMakeFiles/cmTC_e8386.dir/CheckFunctionExists.c.o  -o cmTC_e8386 -rdynamic -lpthreads 
/usr/bin/ld: 找不到 -lpthreads
collect2: error: ld returned 1 exit status
CMakeFiles/cmTC_e8386.dir/build.make:97: recipe for target 'cmTC_e8386' failed
make[1]: *** [cmTC_e8386] Error 1
make[1]: Leaving directory '/home/wr/WHR/RGB-D/PART1/CODE/build/CMakeFiles/CMakeTmp'
Makefile:126: recipe for target 'cmTC_e8386/fast' failed
make: *** [cmTC_e8386/fast] Error 2


Determining if the pthread_create exist failed with the following output:
Change Dir: /home/wr/WHR/RGB-D/PART2/CODE/build/CMakeFiles/CMakeTmp

Run Build Command:"/usr/bin/make" "cmTC_4d42f/fast"
/usr/bin/make -f CMakeFiles/cmTC_4d42f.dir/build.make CMakeFiles/cmTC_4d42f.dir/build
make[1]: Entering directory '/home/wr/WHR/RGB-D/PART2/CODE/build/CMakeFiles/CMakeTmp'
Building C object CMakeFiles/cmTC_4d42f.dir/CheckSymbolExists.c.o
/usr/bin/cc     -o CMakeFiles/cmTC_4d42f.dir/CheckSymbolExists.c.o   -c /home/wr/WHR/RGB-D/PART2/CODE/build/CMakeFiles/CMakeTmp/CheckSymbolExists.c
Linking C executable cmTC_4d42f
/usr/bin/cmake -E cmake_link_script CMakeFiles/cmTC_4d42f.dir/link.txt --verbose=1
/usr/bin/cc       CMakeFiles/cmTC_4d42f.dir/CheckSymbolExists.c.o  -o cmTC_4d42f -rdynamic 
CMakeFiles/cmTC_4d42f.dir/CheckSymbolExists.c.o：在函数‘main’中：
CheckSymbolExists.c:(.text+0x16)：对‘pthread_create’未定义的引用
collect2: error: ld returned 1 exit status
CMakeFiles/cmTC_4d42f.dir/build.make:97: recipe for target 'cmTC_4d42f' failed
make[1]: *** [cmTC_4d42f] Error 1
make[1]: Leaving directory '/home/wr/WHR/RGB-D/PART2/CODE/build/CMakeFiles/CMakeTmp'
Makefile:126: recipe for target 'cmTC_4d42f/fast' failed
make: *** [cmTC_4d42f/fast] Error 2

File /home/wr/WHR/RGB-D/PART2/CODE/build/CMakeFiles/CMakeTmp/CheckSymbolExists.c:
/* */
#include <pthread.h>

int main(int argc, char** argv)
{
  (void)argv;
#ifndef pthread_create
  return ((int*)(&pthread_create))[argc];
#else
  (void)argc;
  return 0;
#endif
}

Determining if the function pthread_create exists in the pthreads failed with the following output:
Change Dir: /home/wr/WHR/RGB-D/PART2/CODE/build/CMakeFiles/CMakeTmp

Run Build Command:"/usr/bin/make" "cmTC_95acc/fast"
/usr/bin/make -f CMakeFiles/cmTC_95acc.dir/build.make CMakeFiles/cmTC_95acc.dir/build
make[1]: Entering directory '/home/wr/WHR/RGB-D/PART2/CODE/build/CMakeFiles/CMakeTmp'
Building C object CMakeFiles/cmTC_95acc.dir/CheckFunctionExists.c.o
/usr/bin/cc    -DCHECK_FUNCTION_EXISTS=pthread_create   -o CMakeFiles/cmTC_95acc.dir/CheckFunctionExists.c.o   -c /usr/share/cmake-3.5/Modules/CheckFunctionExists.c
Linking C executable cmTC_95acc
/usr/bin/cmake -E cmake_link_script CMakeFiles/cmTC_95acc.dir/link.txt --verbose=1
/usr/bin/cc   -DCHECK_FUNCTION_EXISTS=pthread_create    CMakeFiles/cmTC_95acc.dir/CheckFunctionExists.c.o  -o cmTC_95acc -rdynamic -lpthreads 
/usr/bin/ld: 找不到 -lpthreads
collect2: error: ld returned 1 exit status
CMakeFiles/cmTC_95acc.dir/build.make:97: recipe for target 'cmTC_95acc' failed
make[1]: *** [cmTC_95acc] Error 1
make[1]: Leaving directory '/home/wr/WHR/RGB-D/PART2/CODE/build/CMakeFiles/CMakeTmp'
Makefile:126: recipe for target 'cmTC_95acc/fast' failed
make: *** [cmTC_95acc/fast] Error 2


Determining if the pthread_create exist failed with the following output:
Change Dir: /home/wr/WHR/RGB-D/PART2/CODE/build/CMakeFiles/CMakeTmp

Run Build Command:"/usr/bin/make" "cmTC_69e98/fast"
/usr/bin/make -f CMakeFiles/cmTC_69e98.dir/build.make CMakeFiles/cmTC_69e98.dir/build
make[1]: Entering directory '/home/wr/WHR/RGB-D/PART2/CODE/build/CMakeFiles/CMakeTmp'
Building C object CMakeFiles/cmTC_69e98.dir/CheckSymbolExists.c.o
/usr/bin/cc     -o CMakeFiles/cmTC_69e98.dir/CheckSymbolExists.c.o   -c /home/wr/WHR/RGB-D/PART2/CODE/build/CMakeFiles/CMakeTmp/CheckSymbolExists.c
Linking C executable cmTC_69e98
/usr/bin/cmake -E cmake_link_script CMakeFiles/cmTC_69e98.dir/link.txt --verbose=1
/usr/bin/cc       CMakeFiles/cmTC_69e98.dir/CheckSymbolExists.c.o  -o cmTC_69e98 -rdynamic 
CMakeFiles/cmTC_69e98.dir/CheckSymbolExists.c.o：在函数‘main’中：
CheckSymbolExists.c:(.text+0x16)：对‘pthread_create’未定义的引用
collect2: error: ld returned 1 exit status
CMakeFiles/cmTC_69e98.dir/build.make:97: recipe for target 'cmTC_69e98' failed
make[1]: *** [cmTC_69e98] Error 1
make[1]: Leaving directory '/home/wr/WHR/RGB-D/PART2/CODE/build/CMakeFiles/CMakeTmp'
Makefile:126: recipe for target 'cmTC_69e98/fast' failed
make: *** [cmTC_69e98/fast] Error 2

File /home/wr/WHR/RGB-D/PART2/CODE/build/CMakeFiles/CMakeTmp/CheckSymbolExists.c:
/* */
#include <pthread.h>

int main(int argc, char** argv)
{
  (void)argv;
#ifndef pthread_create
  return ((int*)(&pthread_create))[argc];
#else
  (void)argc;
  return 0;
#endif
}

Determining if the function pthread_create exists in the pthreads failed with the following output:
Change Dir: /home/wr/WHR/RGB-D/PART2/CODE/build/CMakeFiles/CMakeTmp

Run Build Command:"/usr/bin/make" "cmTC_1d8c0/fast"
/usr/bin/make -f CMakeFiles/cmTC_1d8c0.dir/build.make CMakeFiles/cmTC_1d8c0.dir/build
make[1]: Entering directory '/home/wr/WHR/RGB-D/PART2/CODE/build/CMakeFiles/CMakeTmp'
Building C object CMakeFiles/cmTC_1d8c0.dir/CheckFunctionExists.c.o
/usr/bin/cc    -DCHECK_FUNCTION_EXISTS=pthread_create   -o CMakeFiles/cmTC_1d8c0.dir/CheckFunctionExists.c.o   -c /usr/share/cmake-3.5/Modules/CheckFunctionExists.c
Linking C executable cmTC_1d8c0
/usr/bin/cmake -E cmake_link_script CMakeFiles/cmTC_1d8c0.dir/link.txt --verbose=1
/usr/bin/cc   -DCHECK_FUNCTION_EXISTS=pthread_create    CMakeFiles/cmTC_1d8c0.dir/CheckFunctionExists.c.o  -o cmTC_1d8c0 -rdynamic -lpthreads 
/usr/bin/ld: 找不到 -lpthreads
collect2: error: ld returned 1 exit status
CMakeFiles/cmTC_1d8c0.dir/build.make:97: recipe for target 'cmTC_1d8c0' failed
make[1]: *** [cmTC_1d8c0] Error 1
make[1]: Leaving directory '/home/wr/WHR/RGB-D/PART2/CODE/build/CMakeFiles/CMakeTmp'
Makefile:126: recipe for target 'cmTC_1d8c0/fast' failed
make: *** [cmTC_1d8c0/fast] Error 2


