Determining if the pthread_create exist failed with the following output:
Change Dir: /home/wr/WHR/RGB-D/PART3/build-CODE-Desktop_Qt_5_6_1_GCC_64bit-Default/CMakeFiles/CMakeTmp

Run Build Command:"/usr/bin/make" "cmTC_893de/fast"
/usr/bin/make -f CMakeFiles/cmTC_893de.dir/build.make CMakeFiles/cmTC_893de.dir/build
make[1]: Entering directory '/home/wr/WHR/RGB-D/PART3/build-CODE-Desktop_Qt_5_6_1_GCC_64bit-Default/CMakeFiles/CMakeTmp'
Building C object CMakeFiles/cmTC_893de.dir/CheckSymbolExists.c.o
/usr/bin/cc     -o CMakeFiles/cmTC_893de.dir/CheckSymbolExists.c.o   -c /home/wr/WHR/RGB-D/PART3/build-CODE-Desktop_Qt_5_6_1_GCC_64bit-Default/CMakeFiles/CMakeTmp/CheckSymbolExists.c
Linking C executable cmTC_893de
/usr/bin/cmake -E cmake_link_script CMakeFiles/cmTC_893de.dir/link.txt --verbose=1
/usr/bin/cc       CMakeFiles/cmTC_893de.dir/CheckSymbolExists.c.o  -o cmTC_893de -rdynamic 
CMakeFiles/cmTC_893de.dir/CheckSymbolExists.c.o：在函数‘main’中：
CheckSymbolExists.c:(.text+0x16)：对‘pthread_create’未定义的引用
collect2: error: ld returned 1 exit status
CMakeFiles/cmTC_893de.dir/build.make:97: recipe for target 'cmTC_893de' failed
make[1]: *** [cmTC_893de] Error 1
make[1]: Leaving directory '/home/wr/WHR/RGB-D/PART3/build-CODE-Desktop_Qt_5_6_1_GCC_64bit-Default/CMakeFiles/CMakeTmp'
Makefile:126: recipe for target 'cmTC_893de/fast' failed
make: *** [cmTC_893de/fast] Error 2

File /home/wr/WHR/RGB-D/PART3/build-CODE-Desktop_Qt_5_6_1_GCC_64bit-Default/CMakeFiles/CMakeTmp/CheckSymbolExists.c:
/* */
#include <pthread.h>

int main(int argc, char** argv)
{
  (void)argv;
#ifndef pthread_create
  return ((int*)(&pthread_create))[argc];
#else
  (void)argc;
  return 0;
#endif
}

Determining if the function pthread_create exists in the pthreads failed with the following output:
Change Dir: /home/wr/WHR/RGB-D/PART3/build-CODE-Desktop_Qt_5_6_1_GCC_64bit-Default/CMakeFiles/CMakeTmp

Run Build Command:"/usr/bin/make" "cmTC_e2658/fast"
/usr/bin/make -f CMakeFiles/cmTC_e2658.dir/build.make CMakeFiles/cmTC_e2658.dir/build
make[1]: Entering directory '/home/wr/WHR/RGB-D/PART3/build-CODE-Desktop_Qt_5_6_1_GCC_64bit-Default/CMakeFiles/CMakeTmp'
Building C object CMakeFiles/cmTC_e2658.dir/CheckFunctionExists.c.o
/usr/bin/cc    -DCHECK_FUNCTION_EXISTS=pthread_create   -o CMakeFiles/cmTC_e2658.dir/CheckFunctionExists.c.o   -c /usr/share/cmake-3.5/Modules/CheckFunctionExists.c
Linking C executable cmTC_e2658
/usr/bin/cmake -E cmake_link_script CMakeFiles/cmTC_e2658.dir/link.txt --verbose=1
/usr/bin/cc   -DCHECK_FUNCTION_EXISTS=pthread_create    CMakeFiles/cmTC_e2658.dir/CheckFunctionExists.c.o  -o cmTC_e2658 -rdynamic -lpthreads 
/usr/bin/ld: 找不到 -lpthreads
collect2: error: ld returned 1 exit status
CMakeFiles/cmTC_e2658.dir/build.make:97: recipe for target 'cmTC_e2658' failed
make[1]: *** [cmTC_e2658] Error 1
make[1]: Leaving directory '/home/wr/WHR/RGB-D/PART3/build-CODE-Desktop_Qt_5_6_1_GCC_64bit-Default/CMakeFiles/CMakeTmp'
Makefile:126: recipe for target 'cmTC_e2658/fast' failed
make: *** [cmTC_e2658/fast] Error 2


